# JRE version: OpenJDK Runtime Environment (8.0_265-b01) (build 1.8.0_265-8u265-b01-0ubuntu2~18.04-b01)
# Java VM: OpenJDK 64-Bit Server VM (25.265-b01 mixed mode linux-amd64 compressed oops)
Heap:
 PSYoungGen      total 1221120K, used 0K [0x000000076d300000, 0x00000007c0000000, 0x00000007c0000000)
  eden space 1110528K, 0% used [0x000000076d300000,0x000000076d300000,0x00000007b0f80000)
  from space 110592K, 0% used [0x00000007b0f80000,0x00000007b0f80000,0x00000007b7b80000)
  to   space 135680K, 0% used [0x00000007b7b80000,0x00000007b7b80000,0x00000007c0000000)
 ParOldGen       total 719872K, used 315554K [0x00000006c7800000, 0x00000006f3700000, 0x000000076d300000)
  object space 719872K, 43% used [0x00000006c7800000,0x00000006dac289f0,0x00000006f3700000)
 Metaspace       used 155583K, capacity 166151K, committed 200128K, reserved 1228800K
  class space    used 17039K, capacity 17845K, committed 20672K, reserved 1048576K
GC Heap History (10 events):
Event: 79.816 GC heap after
Heap after GC invocations=84 (full 5):
 PSYoungGen      total 1204736K, used 11104K [0x000000076d300000, 0x00000007bfb00000, 0x00000007c0000000)
  eden space 1064448K, 0% used [0x000000076d300000,0x000000076d300000,0x00000007ae280000)
  from space 140288K, 7% used [0x00000007ae280000,0x00000007aed58000,0x00000007b6b80000)
  to   space 134144K, 0% used [0x00000007b7800000,0x00000007b7800000,0x00000007bfb00000)
 ParOldGen       total 719872K, used 507264K [0x00000006c7800000, 0x00000006f3700000, 0x000000076d300000)
  object space 719872K, 70% used [0x00000006c7800000,0x00000006e67601e0,0x00000006f3700000)
 Metaspace       used 184905K, capacity 216321K, committed 216512K, reserved 1245184K
  class space    used 19464K, capacity 20567K, committed 20672K, reserved 1048576K
}
Event: 80.400 GC heap before
{Heap before GC invocations=85 (full 5):
 PSYoungGen      total 1204736K, used 1075552K [0x000000076d300000, 0x00000007bfb00000, 0x00000007c0000000)
  eden space 1064448K, 100% used [0x000000076d300000,0x00000007ae280000,0x00000007ae280000)
  from space 140288K, 7% used [0x00000007ae280000,0x00000007aed58000,0x00000007b6b80000)
  to   space 134144K, 0% used [0x00000007b7800000,0x00000007b7800000,0x00000007bfb00000)
 ParOldGen       total 719872K, used 507264K [0x00000006c7800000, 0x00000006f3700000, 0x000000076d300000)
  object space 719872K, 70% used [0x00000006c7800000,0x00000006e67601e0,0x00000006f3700000)
 Metaspace       used 184905K, capacity 216321K, committed 216512K, reserved 1245184K
  class space    used 19464K, capacity 20567K, committed 20672K, reserved 1048576K
Event: 80.413 GC heap after
Heap after GC invocations=85 (full 5):
 PSYoungGen      total 1201152K, used 16960K [0x000000076d300000, 0x00000007bec00000, 0x00000007c0000000)
  eden space 1082368K, 0% used [0x000000076d300000,0x000000076d300000,0x00000007af400000)
  from space 118784K, 14% used [0x00000007b7800000,0x00000007b8890000,0x00000007bec00000)
  to   space 126976K, 0% used [0x00000007af400000,0x00000007af400000,0x00000007b7000000)
 ParOldGen       total 719872K, used 507264K [0x00000006c7800000, 0x00000006f3700000, 0x000000076d300000)
  object space 719872K, 70% used [0x00000006c7800000,0x00000006e67601e0,0x00000006f3700000)
 Metaspace       used 184905K, capacity 216321K, committed 216512K, reserved 1245184K
  class space    used 19464K, capacity 20567K, committed 20672K, reserved 1048576K
}
Event: 81.216 GC heap before
{Heap before GC invocations=86 (full 5):
 PSYoungGen      total 1201152K, used 1099328K [0x000000076d300000, 0x00000007bec00000, 0x00000007c0000000)
  eden space 1082368K, 100% used [0x000000076d300000,0x00000007af400000,0x00000007af400000)
  from space 118784K, 14% used [0x00000007b7800000,0x00000007b8890000,0x00000007bec00000)
  to   space 126976K, 0% used [0x00000007af400000,0x00000007af400000,0x00000007b7000000)
 ParOldGen       total 719872K, used 507264K [0x00000006c7800000, 0x00000006f3700000, 0x000000076d300000)
  object space 719872K, 70% used [0x00000006c7800000,0x00000006e67601e0,0x00000006f3700000)
 Metaspace       used 184905K, capacity 216321K, committed 216512K, reserved 1245184K
  class space    used 19464K, capacity 20567K, committed 20672K, reserved 1048576K
Event: 81.232 GC heap after
Heap after GC invocations=86 (full 5):
 PSYoungGen      total 1209344K, used 22880K [0x000000076d300000, 0x00000007bf900000, 0x00000007c0000000)
  eden space 1082368K, 0% used [0x000000076d300000,0x000000076d300000,0x00000007af400000)
  from space 126976K, 18% used [0x00000007af400000,0x00000007b0a58000,0x00000007b7000000)
  to   space 119296K, 0% used [0x00000007b8480000,0x00000007b8480000,0x00000007bf900000)
 ParOldGen       total 719872K, used 507264K [0x00000006c7800000, 0x00000006f3700000, 0x000000076d300000)
  object space 719872K, 70% used [0x00000006c7800000,0x00000006e67601e0,0x00000006f3700000)
 Metaspace       used 184905K, capacity 216321K, committed 216512K, reserved 1245184K
  class space    used 19464K, capacity 20567K, committed 20672K, reserved 1048576K
}
Event: 81.942 GC heap before
{Heap before GC invocations=87 (full 5):
 PSYoungGen      total 1209344K, used 1105248K [0x000000076d300000, 0x00000007bf900000, 0x00000007c0000000)
  eden space 1082368K, 100% used [0x000000076d300000,0x00000007af400000,0x00000007af400000)
  from space 126976K, 18% used [0x00000007af400000,0x00000007b0a58000,0x00000007b7000000)
  to   space 119296K, 0% used [0x00000007b8480000,0x00000007b8480000,0x00000007bf900000)
 ParOldGen       total 719872K, used 507264K [0x00000006c7800000, 0x00000006f3700000, 0x000000076d300000)
  object space 719872K, 70% used [0x00000006c7800000,0x00000006e67601e0,0x00000006f3700000)
 Metaspace       used 184905K, capacity 216321K, committed 216512K, reserved 1245184K
  class space    used 19464K, capacity 20567K, committed 20672K, reserved 1048576K
Event: 81.971 GC heap after
Heap after GC invocations=87 (full 5):
 PSYoungGen      total 1211904K, used 28896K [0x000000076d300000, 0x00000007be780000, 0x00000007c0000000)
  eden space 1110528K, 0% used [0x000000076d300000,0x000000076d300000,0x00000007b0f80000)
  from space 101376K, 28% used [0x00000007b8480000,0x00000007ba0b8000,0x00000007be780000)
  to   space 110592K, 0% used [0x00000007b0f80000,0x00000007b0f80000,0x00000007b7b80000)
 ParOldGen       total 719872K, used 507264K [0x00000006c7800000, 0x00000006f3700000, 0x000000076d300000)
  object space 719872K, 70% used [0x00000006c7800000,0x00000006e67601e0,0x00000006f3700000)
 Metaspace       used 184905K, capacity 216321K, committed 216512K, reserved 1245184K
  class space    used 19464K, capacity 20567K, committed 20672K, reserved 1048576K
}
Event: 83.516 GC heap before
{Heap before GC invocations=88 (full 5):
 PSYoungGen      total 1211904K, used 1139422K [0x000000076d300000, 0x00000007be780000, 0x00000007c0000000)
  eden space 1110528K, 99% used [0x000000076d300000,0x00000007b0f7fad0,0x00000007b0f80000)
  from space 101376K, 28% used [0x00000007b8480000,0x00000007ba0b8000,0x00000007be780000)
  to   space 110592K, 0% used [0x00000007b0f80000,0x00000007b0f80000,0x00000007b7b80000)
 ParOldGen       total 719872K, used 507264K [0x00000006c7800000, 0x00000006f3700000, 0x000000076d300000)
  object space 719872K, 70% used [0x00000006c7800000,0x00000006e67601e0,0x00000006f3700000)
 Metaspace       used 184906K, capacity 216321K, committed 216512K, reserved 1245184K
  class space    used 19464K, capacity 20567K, committed 20672K, reserved 1048576K
Event: 84.008 GC heap after
Heap after GC invocations=88 (full 5):
 PSYoungGen      total 1221120K, used 110592K [0x000000076d300000, 0x00000007c0000000, 0x00000007c0000000)
  eden space 1110528K, 0% used [0x000000076d300000,0x000000076d300000,0x00000007b0f80000)
  from space 110592K, 100% used [0x00000007b0f80000,0x00000007b7b80000,0x00000007b7b80000)
  to   space 135680K, 0% used [0x00000007b7b80000,0x00000007b7b80000,0x00000007c0000000)
 ParOldGen       total 719872K, used 676824K [0x00000006c7800000, 0x00000006f3700000, 0x000000076d300000)
  object space 719872K, 94% used [0x00000006c7800000,0x00000006f0cf61e0,0x00000006f3700000)
 Metaspace       used 184906K, capacity 216321K, committed 216512K, reserved 1245184K
  class space    used 19464K, capacity 20567K, committed 20672K, reserved 1048576K
}
Event: 84.008 GC heap before
{Heap before GC invocations=89 (full 6):
 PSYoungGen      total 1221120K, used 110592K [0x000000076d300000, 0x00000007c0000000, 0x00000007c0000000)
  eden space 1110528K, 0% used [0x000000076d300000,0x000000076d300000,0x00000007b0f80000)
  from space 110592K, 100% used [0x00000007b0f80000,0x00000007b7b80000,0x00000007b7b80000)
  to   space 135680K, 0% used [0x00000007b7b80000,0x00000007b7b80000,0x00000007c0000000)
 ParOldGen       total 719872K, used 676824K [0x00000006c7800000, 0x00000006f3700000, 0x000000076d300000)
  object space 719872K, 94% used [0x00000006c7800000,0x00000006f0cf61e0,0x00000006f3700000)
 Metaspace       used 184906K, capacity 216321K, committed 216512K, reserved 1245184K
  class space    used 19464K, capacity 20567K, committed 20672K, reserved 1048576K

