# JRE version: OpenJDK Runtime Environment (8.0_265-b01) (build 1.8.0_265-8u265-b01-0ubuntu2~18.04-b01)
# Java VM: OpenJDK 64-Bit Server VM (25.265-b01 mixed mode linux-amd64 compressed oops)
Heap:
 PSYoungGen      total 1040896K, used 71680K [0x000000076d300000, 0x00000007b5400000, 0x00000007c0000000)
  eden space 969216K, 0% used [0x000000076d300000,0x000000076d300000,0x00000007a8580000)
  from space 71680K, 100% used [0x00000007a8580000,0x00000007acb80000,0x00000007acb80000)
  to   space 52736K, 0% used [0x00000007acb80000,0x00000007acb80000,0x00000007aff00000)
 ParOldGen       total 430080K, used 117314K [0x00000006c7800000, 0x00000006e1c00000, 0x000000076d300000)
  object space 430080K, 27% used [0x00000006c7800000,0x00000006cea90b08,0x00000006e1c00000)
 Metaspace       used 178115K, capacity 206315K, committed 206592K, reserved 1236992K
  class space    used 18849K, capacity 19885K, committed 19968K, reserved 1048576K
GC Heap History (10 events):
Event: 43.866 GC heap after
Heap after GC invocations=35 (full 5):
 PSYoungGen      total 826880K, used 33563K [0x000000076d300000, 0x00000007a3700000, 0x00000007c0000000)
  eden space 772096K, 0% used [0x000000076d300000,0x000000076d300000,0x000000079c500000)
  from space 54784K, 61% used [0x00000007a0180000,0x00000007a2246c08,0x00000007a3700000)
  to   space 58368K, 0% used [0x000000079c500000,0x000000079c500000,0x000000079fe00000)
 ParOldGen       total 430080K, used 47438K [0x00000006c7800000, 0x00000006e1c00000, 0x000000076d300000)
  object space 430080K, 11% used [0x00000006c7800000,0x00000006ca653958,0x00000006e1c00000)
 Metaspace       used 170752K, capacity 195666K, committed 195840K, reserved 1226752K
  class space    used 17968K, capacity 18892K, committed 18944K, reserved 1048576K
}
Event: 46.681 GC heap before
{Heap before GC invocations=36 (full 5):
 PSYoungGen      total 826880K, used 805659K [0x000000076d300000, 0x00000007a3700000, 0x00000007c0000000)
  eden space 772096K, 100% used [0x000000076d300000,0x000000079c500000,0x000000079c500000)
  from space 54784K, 61% used [0x00000007a0180000,0x00000007a2246c08,0x00000007a3700000)
  to   space 58368K, 0% used [0x000000079c500000,0x000000079c500000,0x000000079fe00000)
 ParOldGen       total 430080K, used 47438K [0x00000006c7800000, 0x00000006e1c00000, 0x000000076d300000)
  object space 430080K, 11% used [0x00000006c7800000,0x00000006ca653958,0x00000006e1c00000)
 Metaspace       used 177925K, capacity 206113K, committed 206336K, reserved 1234944K
  class space    used 18840K, capacity 19874K, committed 19968K, reserved 1048576K
Event: 46.698 GC heap after
Heap after GC invocations=36 (full 5):
 PSYoungGen      total 830464K, used 25437K [0x000000076d300000, 0x00000007a9780000, 0x00000007c0000000)
  eden space 772096K, 0% used [0x000000076d300000,0x000000076d300000,0x000000079c500000)
  from space 58368K, 43% used [0x000000079c500000,0x000000079ddd76b8,0x000000079fe00000)
  to   space 55808K, 0% used [0x00000007a6100000,0x00000007a6100000,0x00000007a9780000)
 ParOldGen       total 430080K, used 49321K [0x00000006c7800000, 0x00000006e1c00000, 0x000000076d300000)
  object space 430080K, 11% used [0x00000006c7800000,0x00000006ca82a448,0x00000006e1c00000)
 Metaspace       used 177925K, capacity 206113K, committed 206336K, reserved 1234944K
  class space    used 18840K, capacity 19874K, committed 19968K, reserved 1048576K
}
Event: 47.336 GC heap before
{Heap before GC invocations=37 (full 5):
 PSYoungGen      total 830464K, used 797533K [0x000000076d300000, 0x00000007a9780000, 0x00000007c0000000)
  eden space 772096K, 100% used [0x000000076d300000,0x000000079c500000,0x000000079c500000)
  from space 58368K, 43% used [0x000000079c500000,0x000000079ddd76b8,0x000000079fe00000)
  to   space 55808K, 0% used [0x00000007a6100000,0x00000007a6100000,0x00000007a9780000)
 ParOldGen       total 430080K, used 49321K [0x00000006c7800000, 0x00000006e1c00000, 0x000000076d300000)
  object space 430080K, 11% used [0x00000006c7800000,0x00000006ca82a448,0x00000006e1c00000)
 Metaspace       used 177985K, capacity 206121K, committed 206336K, reserved 1234944K
  class space    used 18840K, capacity 19874K, committed 19968K, reserved 1048576K
Event: 47.348 GC heap after
Heap after GC invocations=37 (full 5):
 PSYoungGen      total 932864K, used 15306K [0x000000076d300000, 0x00000007a9780000, 0x00000007c0000000)
  eden space 877056K, 0% used [0x000000076d300000,0x000000076d300000,0x00000007a2b80000)
  from space 55808K, 27% used [0x00000007a6100000,0x00000007a6ff2800,0x00000007a9780000)
  to   space 54784K, 0% used [0x00000007a2b80000,0x00000007a2b80000,0x00000007a6100000)
 ParOldGen       total 430080K, used 49329K [0x00000006c7800000, 0x00000006e1c00000, 0x000000076d300000)
  object space 430080K, 11% used [0x00000006c7800000,0x00000006ca82c448,0x00000006e1c00000)
 Metaspace       used 177985K, capacity 206121K, committed 206336K, reserved 1234944K
  class space    used 18840K, capacity 19874K, committed 19968K, reserved 1048576K
}
Event: 48.420 GC heap before
{Heap before GC invocations=38 (full 5):
 PSYoungGen      total 932864K, used 892362K [0x000000076d300000, 0x00000007a9780000, 0x00000007c0000000)
  eden space 877056K, 100% used [0x000000076d300000,0x00000007a2b80000,0x00000007a2b80000)
  from space 55808K, 27% used [0x00000007a6100000,0x00000007a6ff2800,0x00000007a9780000)
  to   space 54784K, 0% used [0x00000007a2b80000,0x00000007a2b80000,0x00000007a6100000)
 ParOldGen       total 430080K, used 49329K [0x00000006c7800000, 0x00000006e1c00000, 0x000000076d300000)
  object space 430080K, 11% used [0x00000006c7800000,0x00000006ca82c448,0x00000006e1c00000)
 Metaspace       used 178014K, capacity 206217K, committed 206336K, reserved 1234944K
  class space    used 18840K, capacity 19874K, committed 19968K, reserved 1048576K
Event: 48.453 GC heap after
Heap after GC invocations=38 (full 5):
 PSYoungGen      total 931840K, used 20064K [0x000000076d300000, 0x00000007aff00000, 0x00000007c0000000)
  eden space 877056K, 0% used [0x000000076d300000,0x000000076d300000,0x00000007a2b80000)
  from space 54784K, 36% used [0x00000007a2b80000,0x00000007a3f18010,0x00000007a6100000)
  to   space 52736K, 0% used [0x00000007acb80000,0x00000007acb80000,0x00000007aff00000)
 ParOldGen       total 430080K, used 49337K [0x00000006c7800000, 0x00000006e1c00000, 0x000000076d300000)
  object space 430080K, 11% used [0x00000006c7800000,0x00000006ca82e448,0x00000006e1c00000)
 Metaspace       used 178014K, capacity 206217K, committed 206336K, reserved 1234944K
  class space    used 18840K, capacity 19874K, committed 19968K, reserved 1048576K
}
Event: 49.480 GC heap before
{Heap before GC invocations=39 (full 5):
 PSYoungGen      total 931840K, used 897120K [0x000000076d300000, 0x00000007aff00000, 0x00000007c0000000)
  eden space 877056K, 100% used [0x000000076d300000,0x00000007a2b80000,0x00000007a2b80000)
  from space 54784K, 36% used [0x00000007a2b80000,0x00000007a3f18010,0x00000007a6100000)
  to   space 52736K, 0% used [0x00000007acb80000,0x00000007acb80000,0x00000007aff00000)
 ParOldGen       total 430080K, used 49337K [0x00000006c7800000, 0x00000006e1c00000, 0x000000076d300000)
  object space 430080K, 11% used [0x00000006c7800000,0x00000006ca82e448,0x00000006e1c00000)
 Metaspace       used 178102K, capacity 206315K, committed 206592K, reserved 1236992K
  class space    used 18849K, capacity 19885K, committed 19968K, reserved 1048576K
Event: 49.655 GC heap after
Heap after GC invocations=39 (full 5):
 PSYoungGen      total 1021952K, used 52725K [0x000000076d300000, 0x00000007b5400000, 0x00000007c0000000)
  eden space 969216K, 0% used [0x000000076d300000,0x000000076d300000,0x00000007a8580000)
  from space 52736K, 99% used [0x00000007acb80000,0x00000007afefd600,0x00000007aff00000)
  to   space 71680K, 0% used [0x00000007a8580000,0x00000007a8580000,0x00000007acb80000)
 ParOldGen       total 430080K, used 79926K [0x00000006c7800000, 0x00000006e1c00000, 0x000000076d300000)
  object space 430080K, 18% used [0x00000006c7800000,0x00000006cc60dae8,0x00000006e1c00000)
 Metaspace       used 178102K, capacity 206315K, committed 206592K, reserved 1236992K
  class space    used 18849K, capacity 19885K, committed 19968K, reserved 1048576K
}
Event: 52.211 GC heap before
{Heap before GC invocations=40 (full 5):
 PSYoungGen      total 1021952K, used 1021941K [0x000000076d300000, 0x00000007b5400000, 0x00000007c0000000)
  eden space 969216K, 100% used [0x000000076d300000,0x00000007a8580000,0x00000007a8580000)
  from space 52736K, 99% used [0x00000007acb80000,0x00000007afefd600,0x00000007aff00000)
  to   space 71680K, 0% used [0x00000007a8580000,0x00000007a8580000,0x00000007acb80000)
 ParOldGen       total 430080K, used 79926K [0x00000006c7800000, 0x00000006e1c00000, 0x000000076d300000)
  object space 430080K, 18% used [0x00000006c7800000,0x00000006cc60dae8,0x00000006e1c00000)
 Metaspace       used 178115K, capacity 206315K, committed 206592K, reserved 1236992K
  class space    used 18849K, capacity 19885K, committed 19968K, reserved 1048576K

