# JRE version: OpenJDK Runtime Environment (8.0_275-b01) (build 1.8.0_275-8u275-b01-0ubuntu1~18.04-b01)
# Java VM: OpenJDK 64-Bit Server VM (25.275-b01 mixed mode linux-amd64 compressed oops)
Heap:
 PSYoungGen      total 479744K, used 0K [0x00000000d5580000, 0x0000000100000000, 0x0000000100000000)
  eden space 380416K, 0% used [0x00000000d5580000,0x00000000d5580000,0x00000000ec900000)
  from space 99328K, 0% used [0x00000000ec900000,0x00000000ec900000,0x00000000f2a00000)
  to   space 163328K, 0% used [0x00000000f6080000,0x00000000f6080000,0x0000000100000000)
 ParOldGen       total 1060352K, used 962311K [0x0000000080000000, 0x00000000c0b80000, 0x00000000d5580000)
  object space 1060352K, 90% used [0x0000000080000000,0x00000000babc1e40,0x00000000c0b80000)
 Metaspace       used 199959K, capacity 229394K, committed 231552K, reserved 1251328K
  class space    used 27723K, capacity 29289K, committed 29568K, reserved 1048576K
GC Heap History (10 events):
Event: 245.833 GC heap after
Heap after GC invocations=78 (full 5):
 PSYoungGen      total 580096K, used 33377K [0x00000000d5580000, 0x00000000ffd00000, 0x0000000100000000)
  eden space 473600K, 0% used [0x00000000d5580000,0x00000000d5580000,0x00000000f2400000)
  from space 106496K, 31% used [0x00000000f2400000,0x00000000f4498400,0x00000000f8c00000)
  to   space 101888K, 0% used [0x00000000f9980000,0x00000000f9980000,0x00000000ffd00000)
 ParOldGen       total 1060352K, used 727256K [0x0000000080000000, 0x00000000c0b80000, 0x00000000d5580000)
  object space 1060352K, 68% used [0x0000000080000000,0x00000000ac636238,0x00000000c0b80000)
 Metaspace       used 199920K, capacity 229388K, committed 231552K, reserved 1251328K
  class space    used 27722K, capacity 29288K, committed 29568K, reserved 1048576K
}
Event: 248.857 GC heap before
{Heap before GC invocations=79 (full 5):
 PSYoungGen      total 580096K, used 506977K [0x00000000d5580000, 0x00000000ffd00000, 0x0000000100000000)
  eden space 473600K, 100% used [0x00000000d5580000,0x00000000f2400000,0x00000000f2400000)
  from space 106496K, 31% used [0x00000000f2400000,0x00000000f4498400,0x00000000f8c00000)
  to   space 101888K, 0% used [0x00000000f9980000,0x00000000f9980000,0x00000000ffd00000)
 ParOldGen       total 1060352K, used 727256K [0x0000000080000000, 0x00000000c0b80000, 0x00000000d5580000)
  object space 1060352K, 68% used [0x0000000080000000,0x00000000ac636238,0x00000000c0b80000)
 Metaspace       used 199924K, capacity 229388K, committed 231552K, reserved 1251328K
  class space    used 27722K, capacity 29288K, committed 29568K, reserved 1048576K
Event: 249.274 GC heap after
Heap after GC invocations=79 (full 5):
 PSYoungGen      total 579584K, used 43040K [0x00000000d5580000, 0x00000000ff080000, 0x0000000100000000)
  eden space 490496K, 0% used [0x00000000d5580000,0x00000000d5580000,0x00000000f3480000)
  from space 89088K, 48% used [0x00000000f9980000,0x00000000fc388000,0x00000000ff080000)
  to   space 96256K, 0% used [0x00000000f3480000,0x00000000f3480000,0x00000000f9280000)
 ParOldGen       total 1060352K, used 757000K [0x0000000080000000, 0x00000000c0b80000, 0x00000000d5580000)
  object space 1060352K, 71% used [0x0000000080000000,0x00000000ae342248,0x00000000c0b80000)
 Metaspace       used 199924K, capacity 229388K, committed 231552K, reserved 1251328K
  class space    used 27722K, capacity 29288K, committed 29568K, reserved 1048576K
}
Event: 254.121 GC heap before
{Heap before GC invocations=80 (full 5):
 PSYoungGen      total 579584K, used 533536K [0x00000000d5580000, 0x00000000ff080000, 0x0000000100000000)
  eden space 490496K, 100% used [0x00000000d5580000,0x00000000f3480000,0x00000000f3480000)
  from space 89088K, 48% used [0x00000000f9980000,0x00000000fc388000,0x00000000ff080000)
  to   space 96256K, 0% used [0x00000000f3480000,0x00000000f3480000,0x00000000f9280000)
 ParOldGen       total 1060352K, used 757000K [0x0000000080000000, 0x00000000c0b80000, 0x00000000d5580000)
  object space 1060352K, 71% used [0x0000000080000000,0x00000000ae342248,0x00000000c0b80000)
 Metaspace       used 199945K, capacity 229394K, committed 231552K, reserved 1251328K
  class space    used 27723K, capacity 29289K, committed 29568K, reserved 1048576K
Event: 254.696 GC heap after
Heap after GC invocations=80 (full 5):
 PSYoungGen      total 586752K, used 71824K [0x00000000d5580000, 0x0000000100000000, 0x0000000100000000)
  eden space 490496K, 0% used [0x00000000d5580000,0x00000000d5580000,0x00000000f3480000)
  from space 96256K, 74% used [0x00000000f3480000,0x00000000f7aa4040,0x00000000f9280000)
  to   space 101888K, 0% used [0x00000000f9c80000,0x00000000f9c80000,0x0000000100000000)
 ParOldGen       total 1060352K, used 794120K [0x0000000080000000, 0x00000000c0b80000, 0x00000000d5580000)
  object space 1060352K, 74% used [0x0000000080000000,0x00000000b0782248,0x00000000c0b80000)
 Metaspace       used 199945K, capacity 229394K, committed 231552K, reserved 1251328K
  class space    used 27723K, capacity 29289K, committed 29568K, reserved 1048576K
}
Event: 265.065 GC heap before
{Heap before GC invocations=81 (full 5):
 PSYoungGen      total 586752K, used 562320K [0x00000000d5580000, 0x0000000100000000, 0x0000000100000000)
  eden space 490496K, 100% used [0x00000000d5580000,0x00000000f3480000,0x00000000f3480000)
  from space 96256K, 74% used [0x00000000f3480000,0x00000000f7aa4040,0x00000000f9280000)
  to   space 101888K, 0% used [0x00000000f9c80000,0x00000000f9c80000,0x0000000100000000)
 ParOldGen       total 1060352K, used 794120K [0x0000000080000000, 0x00000000c0b80000, 0x00000000d5580000)
  object space 1060352K, 74% used [0x0000000080000000,0x00000000b0782248,0x00000000c0b80000)
 Metaspace       used 199956K, capacity 229394K, committed 231552K, reserved 1251328K
  class space    used 27723K, capacity 29289K, committed 29568K, reserved 1048576K
Event: 265.451 GC heap after
Heap after GC invocations=81 (full 5):
 PSYoungGen      total 482304K, used 101856K [0x00000000d5580000, 0x0000000100000000, 0x0000000100000000)
  eden space 380416K, 0% used [0x00000000d5580000,0x00000000d5580000,0x00000000ec900000)
  from space 101888K, 99% used [0x00000000f9c80000,0x00000000ffff8010,0x0000000100000000)
  to   space 159232K, 0% used [0x00000000ec900000,0x00000000ec900000,0x00000000f6480000)
 ParOldGen       total 1060352K, used 906704K [0x0000000080000000, 0x00000000c0b80000, 0x00000000d5580000)
  object space 1060352K, 85% used [0x0000000080000000,0x00000000b7574278,0x00000000c0b80000)
 Metaspace       used 199956K, capacity 229394K, committed 231552K, reserved 1251328K
  class space    used 27723K, capacity 29289K, committed 29568K, reserved 1048576K
}
Event: 268.029 GC heap before
{Heap before GC invocations=82 (full 5):
 PSYoungGen      total 482304K, used 482272K [0x00000000d5580000, 0x0000000100000000, 0x0000000100000000)
  eden space 380416K, 100% used [0x00000000d5580000,0x00000000ec900000,0x00000000ec900000)
  from space 101888K, 99% used [0x00000000f9c80000,0x00000000ffff8010,0x0000000100000000)
  to   space 159232K, 0% used [0x00000000ec900000,0x00000000ec900000,0x00000000f6480000)
 ParOldGen       total 1060352K, used 906704K [0x0000000080000000, 0x00000000c0b80000, 0x00000000d5580000)
  object space 1060352K, 85% used [0x0000000080000000,0x00000000b7574278,0x00000000c0b80000)
 Metaspace       used 199959K, capacity 229394K, committed 231552K, reserved 1251328K
  class space    used 27723K, capacity 29289K, committed 29568K, reserved 1048576K
Event: 269.752 GC heap after
Heap after GC invocations=82 (full 5):
 PSYoungGen      total 479744K, used 99040K [0x00000000d5580000, 0x0000000100000000, 0x0000000100000000)
  eden space 380416K, 0% used [0x00000000d5580000,0x00000000d5580000,0x00000000ec900000)
  from space 99328K, 99% used [0x00000000ec900000,0x00000000f29b8020,0x00000000f2a00000)
  to   space 163328K, 0% used [0x00000000f6080000,0x00000000f6080000,0x0000000100000000)
 ParOldGen       total 1060352K, used 1008864K [0x0000000080000000, 0x00000000c0b80000, 0x00000000d5580000)
  object space 1060352K, 95% used [0x0000000080000000,0x00000000bd938278,0x00000000c0b80000)
 Metaspace       used 199959K, capacity 229394K, committed 231552K, reserved 1251328K
  class space    used 27723K, capacity 29289K, committed 29568K, reserved 1048576K
}
Event: 269.752 GC heap before
{Heap before GC invocations=83 (full 6):
 PSYoungGen      total 479744K, used 99040K [0x00000000d5580000, 0x0000000100000000, 0x0000000100000000)
  eden space 380416K, 0% used [0x00000000d5580000,0x00000000d5580000,0x00000000ec900000)
  from space 99328K, 99% used [0x00000000ec900000,0x00000000f29b8020,0x00000000f2a00000)
  to   space 163328K, 0% used [0x00000000f6080000,0x00000000f6080000,0x0000000100000000)
 ParOldGen       total 1060352K, used 1008864K [0x0000000080000000, 0x00000000c0b80000, 0x00000000d5580000)
  object space 1060352K, 95% used [0x0000000080000000,0x00000000bd938278,0x00000000c0b80000)
 Metaspace       used 199959K, capacity 229394K, committed 231552K, reserved 1251328K
  class space    used 27723K, capacity 29289K, committed 29568K, reserved 1048576K

