# JRE version: OpenJDK Runtime Environment (8.0_265-b01) (build 1.8.0_265-8u265-b01-0ubuntu2~18.04-b01)
# Java VM: OpenJDK 64-Bit Server VM (25.265-b01 mixed mode linux-amd64 compressed oops)
Heap:
 PSYoungGen      total 1280000K, used 0K [0x000000076d300000, 0x00000007c0000000, 0x00000007c0000000)
  eden space 1216000K, 0% used [0x000000076d300000,0x000000076d300000,0x00000007b7680000)
  from space 64000K, 0% used [0x00000007b7680000,0x00000007b7680000,0x00000007bb500000)
  to   space 76800K, 0% used [0x00000007bb500000,0x00000007bb500000,0x00000007c0000000)
 ParOldGen       total 459264K, used 259736K [0x00000006c7800000, 0x00000006e3880000, 0x000000076d300000)
  object space 459264K, 56% used [0x00000006c7800000,0x00000006d75a62b8,0x00000006e3880000)
 Metaspace       used 155565K, capacity 166138K, committed 202432K, reserved 1230848K
  class space    used 17029K, capacity 17844K, committed 20672K, reserved 1048576K
GC Heap History (10 events):
Event: 63.847 GC heap after
Heap after GC invocations=58 (full 5):
 PSYoungGen      total 1268224K, used 5792K [0x000000076d300000, 0x00000007bf580000, 0x00000007c0000000)
  eden space 1189376K, 0% used [0x000000076d300000,0x000000076d300000,0x00000007b5c80000)
  from space 78848K, 7% used [0x00000007b5c80000,0x00000007b6228000,0x00000007ba980000)
  to   space 74752K, 0% used [0x00000007bac80000,0x00000007bac80000,0x00000007bf580000)
 ParOldGen       total 459264K, used 225957K [0x00000006c7800000, 0x00000006e3880000, 0x000000076d300000)
  object space 459264K, 49% used [0x00000006c7800000,0x00000006d54a96f8,0x00000006e3880000)
 Metaspace       used 185000K, capacity 216526K, committed 216768K, reserved 1245184K
  class space    used 19459K, capacity 20572K, committed 20672K, reserved 1048576K
}
Event: 64.689 GC heap before
{Heap before GC invocations=59 (full 5):
 PSYoungGen      total 1268224K, used 1195168K [0x000000076d300000, 0x00000007bf580000, 0x00000007c0000000)
  eden space 1189376K, 100% used [0x000000076d300000,0x00000007b5c80000,0x00000007b5c80000)
  from space 78848K, 7% used [0x00000007b5c80000,0x00000007b6228000,0x00000007ba980000)
  to   space 74752K, 0% used [0x00000007bac80000,0x00000007bac80000,0x00000007bf580000)
 ParOldGen       total 459264K, used 225957K [0x00000006c7800000, 0x00000006e3880000, 0x000000076d300000)
  object space 459264K, 49% used [0x00000006c7800000,0x00000006d54a96f8,0x00000006e3880000)
 Metaspace       used 185000K, capacity 216526K, committed 216768K, reserved 1245184K
  class space    used 19459K, capacity 20572K, committed 20672K, reserved 1048576K
Event: 64.755 GC heap after
Heap after GC invocations=59 (full 5):
 PSYoungGen      total 1273344K, used 12288K [0x000000076d300000, 0x00000007bf300000, 0x00000007c0000000)
  eden space 1201152K, 0% used [0x000000076d300000,0x000000076d300000,0x00000007b6800000)
  from space 72192K, 17% used [0x00000007bac80000,0x00000007bb880000,0x00000007bf300000)
  to   space 70144K, 0% used [0x00000007b6800000,0x00000007b6800000,0x00000007bac80000)
 ParOldGen       total 459264K, used 225965K [0x00000006c7800000, 0x00000006e3880000, 0x000000076d300000)
  object space 459264K, 49% used [0x00000006c7800000,0x00000006d54ab6f8,0x00000006e3880000)
 Metaspace       used 185000K, capacity 216526K, committed 216768K, reserved 1245184K
  class space    used 19459K, capacity 20572K, committed 20672K, reserved 1048576K
}
Event: 65.660 GC heap before
{Heap before GC invocations=60 (full 5):
 PSYoungGen      total 1273344K, used 1213440K [0x000000076d300000, 0x00000007bf300000, 0x00000007c0000000)
  eden space 1201152K, 100% used [0x000000076d300000,0x00000007b6800000,0x00000007b6800000)
  from space 72192K, 17% used [0x00000007bac80000,0x00000007bb880000,0x00000007bf300000)
  to   space 70144K, 0% used [0x00000007b6800000,0x00000007b6800000,0x00000007bac80000)
 ParOldGen       total 459264K, used 225965K [0x00000006c7800000, 0x00000006e3880000, 0x000000076d300000)
  object space 459264K, 49% used [0x00000006c7800000,0x00000006d54ab6f8,0x00000006e3880000)
 Metaspace       used 185000K, capacity 216526K, committed 216768K, reserved 1245184K
  class space    used 19459K, capacity 20572K, committed 20672K, reserved 1048576K
Event: 65.673 GC heap after
Heap after GC invocations=60 (full 5):
 PSYoungGen      total 1271296K, used 18752K [0x000000076d300000, 0x00000007bf500000, 0x00000007c0000000)
  eden space 1201152K, 0% used [0x000000076d300000,0x000000076d300000,0x00000007b6800000)
  from space 70144K, 26% used [0x00000007b6800000,0x00000007b7a50000,0x00000007bac80000)
  to   space 65536K, 0% used [0x00000007bb500000,0x00000007bb500000,0x00000007bf500000)
 ParOldGen       total 459264K, used 225981K [0x00000006c7800000, 0x00000006e3880000, 0x000000076d300000)
  object space 459264K, 49% used [0x00000006c7800000,0x00000006d54af6f8,0x00000006e3880000)
 Metaspace       used 185000K, capacity 216526K, committed 216768K, reserved 1245184K
  class space    used 19459K, capacity 20572K, committed 20672K, reserved 1048576K
}
Event: 66.716 GC heap before
{Heap before GC invocations=61 (full 5):
 PSYoungGen      total 1271296K, used 1219904K [0x000000076d300000, 0x00000007bf500000, 0x00000007c0000000)
  eden space 1201152K, 100% used [0x000000076d300000,0x00000007b6800000,0x00000007b6800000)
  from space 70144K, 26% used [0x00000007b6800000,0x00000007b7a50000,0x00000007bac80000)
  to   space 65536K, 0% used [0x00000007bb500000,0x00000007bb500000,0x00000007bf500000)
 ParOldGen       total 459264K, used 225981K [0x00000006c7800000, 0x00000006e3880000, 0x000000076d300000)
  object space 459264K, 49% used [0x00000006c7800000,0x00000006d54af6f8,0x00000006e3880000)
 Metaspace       used 185000K, capacity 216526K, committed 216768K, reserved 1245184K
  class space    used 19459K, capacity 20572K, committed 20672K, reserved 1048576K
Event: 66.833 GC heap after
Heap after GC invocations=61 (full 5):
 PSYoungGen      total 1281536K, used 25280K [0x000000076d300000, 0x00000007bf880000, 0x00000007c0000000)
  eden space 1216000K, 0% used [0x000000076d300000,0x000000076d300000,0x00000007b7680000)
  from space 65536K, 38% used [0x00000007bb500000,0x00000007bcdb0000,0x00000007bf500000)
  to   space 64000K, 0% used [0x00000007b7680000,0x00000007b7680000,0x00000007bb500000)
 ParOldGen       total 459264K, used 225981K [0x00000006c7800000, 0x00000006e3880000, 0x000000076d300000)
  object space 459264K, 49% used [0x00000006c7800000,0x00000006d54af6f8,0x00000006e3880000)
 Metaspace       used 185000K, capacity 216526K, committed 216768K, reserved 1245184K
  class space    used 19459K, capacity 20572K, committed 20672K, reserved 1048576K
}
Event: 68.720 GC heap before
{Heap before GC invocations=62 (full 5):
 PSYoungGen      total 1281536K, used 1241280K [0x000000076d300000, 0x00000007bf880000, 0x00000007c0000000)
  eden space 1216000K, 100% used [0x000000076d300000,0x00000007b7680000,0x00000007b7680000)
  from space 65536K, 38% used [0x00000007bb500000,0x00000007bcdb0000,0x00000007bf500000)
  to   space 64000K, 0% used [0x00000007b7680000,0x00000007b7680000,0x00000007bb500000)
 ParOldGen       total 459264K, used 225981K [0x00000006c7800000, 0x00000006e3880000, 0x000000076d300000)
  object space 459264K, 49% used [0x00000006c7800000,0x00000006d54af6f8,0x00000006e3880000)
 Metaspace       used 185005K, capacity 216526K, committed 216768K, reserved 1245184K
  class space    used 19459K, capacity 20572K, committed 20672K, reserved 1048576K
Event: 82.795 GC heap after
Heap after GC invocations=62 (full 5):
 PSYoungGen      total 1280000K, used 64000K [0x000000076d300000, 0x00000007c0000000, 0x00000007c0000000)
  eden space 1216000K, 0% used [0x000000076d300000,0x000000076d300000,0x00000007b7680000)
  from space 64000K, 100% used [0x00000007b7680000,0x00000007bb500000,0x00000007bb500000)
  to   space 76800K, 0% used [0x00000007bb500000,0x00000007bb500000,0x00000007c0000000)
 ParOldGen       total 459264K, used 385877K [0x00000006c7800000, 0x00000006e3880000, 0x000000076d300000)
  object space 459264K, 84% used [0x00000006c7800000,0x00000006df0d56f8,0x00000006e3880000)
 Metaspace       used 185005K, capacity 216526K, committed 216768K, reserved 1245184K
  class space    used 19459K, capacity 20572K, committed 20672K, reserved 1048576K
}
Event: 82.796 GC heap before
{Heap before GC invocations=63 (full 6):
 PSYoungGen      total 1280000K, used 64000K [0x000000076d300000, 0x00000007c0000000, 0x00000007c0000000)
  eden space 1216000K, 0% used [0x000000076d300000,0x000000076d300000,0x00000007b7680000)
  from space 64000K, 100% used [0x00000007b7680000,0x00000007bb500000,0x00000007bb500000)
  to   space 76800K, 0% used [0x00000007bb500000,0x00000007bb500000,0x00000007c0000000)
 ParOldGen       total 459264K, used 385877K [0x00000006c7800000, 0x00000006e3880000, 0x000000076d300000)
  object space 459264K, 84% used [0x00000006c7800000,0x00000006df0d56f8,0x00000006e3880000)
 Metaspace       used 185005K, capacity 216526K, committed 216768K, reserved 1245184K
  class space    used 19459K, capacity 20572K, committed 20672K, reserved 1048576K

