# JRE version: OpenJDK Runtime Environment (8.0_265-b01) (build 1.8.0_265-8u265-b01-0ubuntu2~18.04-b01)
# Java VM: OpenJDK 64-Bit Server VM (25.265-b01 mixed mode linux-amd64 compressed oops)
Heap:
 PSYoungGen      total 302080K, used 22519K [0x000000076d300000, 0x0000000781600000, 0x00000007c0000000)
  eden space 279552K, 0% used [0x000000076d300000,0x000000076d300000,0x000000077e400000)
  from space 22528K, 99% used [0x000000077e400000,0x000000077f9fdfe8,0x000000077fa00000)
  to   space 16384K, 0% used [0x000000077fa00000,0x000000077fa00000,0x0000000780a00000)
 ParOldGen       total 327680K, used 32330K [0x00000006c7800000, 0x00000006db800000, 0x000000076d300000)
  object space 327680K, 9% used [0x00000006c7800000,0x00000006c97929a0,0x00000006db800000)
 Metaspace       used 131503K, capacity 138168K, committed 138328K, reserved 1173504K
  class space    used 14159K, capacity 14595K, committed 14720K, reserved 1048576K
GC Heap History (10 events):
Event: 8.730 GC heap after
Heap after GC invocations=14 (full 3):
 PSYoungGen      total 187904K, used 8847K [0x000000076d300000, 0x000000077cb80000, 0x00000007c0000000)
  eden space 174080K, 0% used [0x000000076d300000,0x000000076d300000,0x0000000777d00000)
  from space 13824K, 64% used [0x0000000777d00000,0x00000007785a3e18,0x0000000778a80000)
  to   space 13824K, 0% used [0x000000077be00000,0x000000077be00000,0x000000077cb80000)
 ParOldGen       total 251392K, used 7872K [0x00000006c7800000, 0x00000006d6d80000, 0x000000076d300000)
  object space 251392K, 3% used [0x00000006c7800000,0x00000006c7fb00e8,0x00000006d6d80000)
 Metaspace       used 94920K, capacity 98236K, committed 98496K, reserved 1136640K
  class space    used 10756K, capacity 11021K, committed 11136K, reserved 1048576K
}
Event: 8.730 GC heap before
{Heap before GC invocations=15 (full 4):
 PSYoungGen      total 187904K, used 8847K [0x000000076d300000, 0x000000077cb80000, 0x00000007c0000000)
  eden space 174080K, 0% used [0x000000076d300000,0x000000076d300000,0x0000000777d00000)
  from space 13824K, 64% used [0x0000000777d00000,0x00000007785a3e18,0x0000000778a80000)
  to   space 13824K, 0% used [0x000000077be00000,0x000000077be00000,0x000000077cb80000)
 ParOldGen       total 251392K, used 7872K [0x00000006c7800000, 0x00000006d6d80000, 0x000000076d300000)
  object space 251392K, 3% used [0x00000006c7800000,0x00000006c7fb00e8,0x00000006d6d80000)
 Metaspace       used 94920K, capacity 98236K, committed 98496K, reserved 1136640K
  class space    used 10756K, capacity 11021K, committed 11136K, reserved 1048576K
Event: 8.813 GC heap after
Heap after GC invocations=15 (full 4):
 PSYoungGen      total 187904K, used 0K [0x000000076d300000, 0x000000077cb80000, 0x00000007c0000000)
  eden space 174080K, 0% used [0x000000076d300000,0x000000076d300000,0x0000000777d00000)
  from space 13824K, 0% used [0x0000000777d00000,0x0000000777d00000,0x0000000778a80000)
  to   space 13824K, 0% used [0x000000077be00000,0x000000077be00000,0x000000077cb80000)
 ParOldGen       total 327680K, used 13171K [0x00000006c7800000, 0x00000006db800000, 0x000000076d300000)
  object space 327680K, 4% used [0x00000006c7800000,0x00000006c84dcc70,0x00000006db800000)
 Metaspace       used 94920K, capacity 98236K, committed 98496K, reserved 1136640K
  class space    used 10756K, capacity 11021K, committed 11136K, reserved 1048576K
}
Event: 9.255 GC heap before
{Heap before GC invocations=16 (full 4):
 PSYoungGen      total 187904K, used 174080K [0x000000076d300000, 0x000000077cb80000, 0x00000007c0000000)
  eden space 174080K, 100% used [0x000000076d300000,0x0000000777d00000,0x0000000777d00000)
  from space 13824K, 0% used [0x0000000777d00000,0x0000000777d00000,0x0000000778a80000)
  to   space 13824K, 0% used [0x000000077be00000,0x000000077be00000,0x000000077cb80000)
 ParOldGen       total 327680K, used 13171K [0x00000006c7800000, 0x00000006db800000, 0x000000076d300000)
  object space 327680K, 4% used [0x00000006c7800000,0x00000006c84dcc70,0x00000006db800000)
 Metaspace       used 98377K, capacity 101710K, committed 101976K, reserved 1140736K
  class space    used 10828K, capacity 11088K, committed 11136K, reserved 1048576K
Event: 9.260 GC heap after
Heap after GC invocations=16 (full 4):
 PSYoungGen      total 237568K, used 3872K [0x000000076d300000, 0x000000077ca00000, 0x00000007c0000000)
  eden space 225280K, 0% used [0x000000076d300000,0x000000076d300000,0x000000077af00000)
  from space 12288K, 31% used [0x000000077be00000,0x000000077c1c8030,0x000000077ca00000)
  to   space 13824K, 0% used [0x000000077af00000,0x000000077af00000,0x000000077bc80000)
 ParOldGen       total 327680K, used 13179K [0x00000006c7800000, 0x00000006db800000, 0x000000076d300000)
  object space 327680K, 4% used [0x00000006c7800000,0x00000006c84dec70,0x00000006db800000)
 Metaspace       used 98377K, capacity 101710K, committed 101976K, reserved 1140736K
  class space    used 10828K, capacity 11088K, committed 11136K, reserved 1048576K
}
Event: 10.629 GC heap before
{Heap before GC invocations=17 (full 4):
 PSYoungGen      total 237568K, used 229152K [0x000000076d300000, 0x000000077ca00000, 0x00000007c0000000)
  eden space 225280K, 100% used [0x000000076d300000,0x000000077af00000,0x000000077af00000)
  from space 12288K, 31% used [0x000000077be00000,0x000000077c1c8030,0x000000077ca00000)
  to   space 13824K, 0% used [0x000000077af00000,0x000000077af00000,0x000000077bc80000)
 ParOldGen       total 327680K, used 13179K [0x00000006c7800000, 0x00000006db800000, 0x000000076d300000)
  object space 327680K, 4% used [0x00000006c7800000,0x00000006c84dec70,0x00000006db800000)
 Metaspace       used 106339K, capacity 110024K, committed 110296K, reserved 1148928K
  class space    used 11464K, capacity 11738K, committed 11776K, reserved 1048576K
Event: 10.648 GC heap after
Heap after GC invocations=17 (full 4):
 PSYoungGen      total 239104K, used 13817K [0x000000076d300000, 0x0000000780a00000, 0x00000007c0000000)
  eden space 225280K, 0% used [0x000000076d300000,0x000000076d300000,0x000000077af00000)
  from space 13824K, 99% used [0x000000077af00000,0x000000077bc7e418,0x000000077bc80000)
  to   space 16384K, 0% used [0x000000077fa00000,0x000000077fa00000,0x0000000780a00000)
 ParOldGen       total 327680K, used 14122K [0x00000006c7800000, 0x00000006db800000, 0x000000076d300000)
  object space 327680K, 4% used [0x00000006c7800000,0x00000006c85cab28,0x00000006db800000)
 Metaspace       used 106339K, capacity 110024K, committed 110296K, reserved 1148928K
  class space    used 11464K, capacity 11738K, committed 11776K, reserved 1048576K
}
Event: 13.036 GC heap before
{Heap before GC invocations=18 (full 4):
 PSYoungGen      total 239104K, used 239097K [0x000000076d300000, 0x0000000780a00000, 0x00000007c0000000)
  eden space 225280K, 100% used [0x000000076d300000,0x000000077af00000,0x000000077af00000)
  from space 13824K, 99% used [0x000000077af00000,0x000000077bc7e418,0x000000077bc80000)
  to   space 16384K, 0% used [0x000000077fa00000,0x000000077fa00000,0x0000000780a00000)
 ParOldGen       total 327680K, used 14122K [0x00000006c7800000, 0x00000006db800000, 0x000000076d300000)
  object space 327680K, 4% used [0x00000006c7800000,0x00000006c85cab28,0x00000006db800000)
 Metaspace       used 119676K, capacity 124438K, committed 124632K, reserved 1161216K
  class space    used 13141K, capacity 13507K, committed 13568K, reserved 1048576K
Event: 13.102 GC heap after
Heap after GC invocations=18 (full 4):
 PSYoungGen      total 295936K, used 16357K [0x000000076d300000, 0x0000000781600000, 0x00000007c0000000)
  eden space 279552K, 0% used [0x000000076d300000,0x000000076d300000,0x000000077e400000)
  from space 16384K, 99% used [0x000000077fa00000,0x00000007809f96a0,0x0000000780a00000)
  to   space 22528K, 0% used [0x000000077e400000,0x000000077e400000,0x000000077fa00000)
 ParOldGen       total 327680K, used 24657K [0x00000006c7800000, 0x00000006db800000, 0x000000076d300000)
  object space 327680K, 7% used [0x00000006c7800000,0x00000006c90147d8,0x00000006db800000)
 Metaspace       used 119676K, capacity 124438K, committed 124632K, reserved 1161216K
  class space    used 13141K, capacity 13507K, committed 13568K, reserved 1048576K
}
Event: 27.043 GC heap before
{Heap before GC invocations=19 (full 4):
 PSYoungGen      total 295936K, used 295909K [0x000000076d300000, 0x0000000781600000, 0x00000007c0000000)
  eden space 279552K, 100% used [0x000000076d300000,0x000000077e400000,0x000000077e400000)
  from space 16384K, 99% used [0x000000077fa00000,0x00000007809f96a0,0x0000000780a00000)
  to   space 22528K, 0% used [0x000000077e400000,0x000000077e400000,0x000000077fa00000)
 ParOldGen       total 327680K, used 24657K [0x00000006c7800000, 0x00000006db800000, 0x000000076d300000)
  object space 327680K, 7% used [0x00000006c7800000,0x00000006c90147d8,0x00000006db800000)
 Metaspace       used 131503K, capacity 138168K, committed 138328K, reserved 1173504K
  class space    used 14159K, capacity 14595K, committed 14720K, reserved 1048576K

