# JRE version: OpenJDK Runtime Environment (8.0_275-b01) (build 1.8.0_275-8u275-b01-0ubuntu1~18.04-b01)
# Java VM: OpenJDK 64-Bit Server VM (25.275-b01 mixed mode linux-amd64 compressed oops)
Heap:
 PSYoungGen      total 1097216K, used 263037K [0x000000076cb00000, 0x00000007c0000000, 0x00000007c0000000)
  eden space 842240K, 21% used [0x000000076cb00000,0x0000000777ecdba0,0x00000007a0180000)
  from space 254976K, 30% used [0x00000007a0180000,0x00000007a4e91af8,0x00000007afa80000)
  to   space 238080K, 0% used [0x00000007b1780000,0x00000007b1780000,0x00000007c0000000)
 ParOldGen       total 2731008K, used 1425572K [0x00000006c6000000, 0x000000076cb00000, 0x000000076cb00000)
  object space 2731008K, 52% used [0x00000006c6000000,0x000000071d029118,0x000000076cb00000)
 Metaspace       used 169561K, capacity 191461K, committed 191616K, reserved 1216512K
  class space    used 23451K, capacity 24644K, committed 24704K, reserved 1048576K
GC Heap History (10 events):
Event: 177.177 GC heap before
{Heap before GC invocations=23 (full 0):
 PSYoungGen      total 1055232K, used 824826K [0x000000076cb00000, 0x00000007c0000000, 0x00000007c0000000)
  eden space 729600K, 100% used [0x000000076cb00000,0x0000000799380000,0x0000000799380000)
  from space 325632K, 29% used [0x00000007ac200000,0x00000007b1efe870,0x00000007c0000000)
  to   space 309760K, 0% used [0x0000000799380000,0x0000000799380000,0x00000007ac200000)
 ParOldGen       total 2731008K, used 1011658K [0x00000006c6000000, 0x000000076cb00000, 0x000000076cb00000)
  object space 2731008K, 37% used [0x00000006c6000000,0x0000000703bf2b50,0x000000076cb00000)
 Metaspace       used 167896K, capacity 189513K, committed 189696K, reserved 1214464K
  class space    used 23272K, capacity 24453K, committed 24576K, reserved 1048576K
Event: 177.382 GC heap after
Heap after GC invocations=23 (full 0):
 PSYoungGen      total 1039360K, used 93376K [0x000000076cb00000, 0x00000007c0000000, 0x00000007c0000000)
  eden space 729600K, 0% used [0x000000076cb00000,0x000000076cb00000,0x0000000799380000)
  from space 309760K, 30% used [0x0000000799380000,0x000000079eeb0030,0x00000007ac200000)
  to   space 293888K, 0% used [0x00000007ae100000,0x00000007ae100000,0x00000007c0000000)
 ParOldGen       total 2731008K, used 1099760K [0x00000006c6000000, 0x000000076cb00000, 0x000000076cb00000)
  object space 2731008K, 40% used [0x00000006c6000000,0x00000007091fc078,0x000000076cb00000)
 Metaspace       used 167896K, capacity 189513K, committed 189696K, reserved 1214464K
  class space    used 23272K, capacity 24453K, committed 24576K, reserved 1048576K
}
Event: 183.835 GC heap before
{Heap before GC invocations=24 (full 0):
 PSYoungGen      total 1039360K, used 822976K [0x000000076cb00000, 0x00000007c0000000, 0x00000007c0000000)
  eden space 729600K, 100% used [0x000000076cb00000,0x0000000799380000,0x0000000799380000)
  from space 309760K, 30% used [0x0000000799380000,0x000000079eeb0030,0x00000007ac200000)
  to   space 293888K, 0% used [0x00000007ae100000,0x00000007ae100000,0x00000007c0000000)
 ParOldGen       total 2731008K, used 1099760K [0x00000006c6000000, 0x000000076cb00000, 0x000000076cb00000)
  object space 2731008K, 40% used [0x00000006c6000000,0x00000007091fc078,0x000000076cb00000)
 Metaspace       used 167901K, capacity 189513K, committed 189696K, reserved 1214464K
  class space    used 23272K, capacity 24453K, committed 24576K, reserved 1048576K
Event: 184.001 GC heap after
Heap after GC invocations=24 (full 0):
 PSYoungGen      total 1086464K, used 92672K [0x000000076cb00000, 0x00000007c0000000, 0x00000007c0000000)
  eden space 792576K, 0% used [0x000000076cb00000,0x000000076cb00000,0x000000079d100000)
  from space 293888K, 31% used [0x00000007ae100000,0x00000007b3b80000,0x00000007c0000000)
  to   space 278528K, 0% used [0x000000079d100000,0x000000079d100000,0x00000007ae100000)
 ParOldGen       total 2731008K, used 1193208K [0x00000006c6000000, 0x000000076cb00000, 0x000000076cb00000)
  object space 2731008K, 43% used [0x00000006c6000000,0x000000070ed3e0a8,0x000000076cb00000)
 Metaspace       used 167901K, capacity 189513K, committed 189696K, reserved 1214464K
  class space    used 23272K, capacity 24453K, committed 24576K, reserved 1048576K
}
Event: 192.053 GC heap before
{Heap before GC invocations=25 (full 0):
 PSYoungGen      total 1086464K, used 885248K [0x000000076cb00000, 0x00000007c0000000, 0x00000007c0000000)
  eden space 792576K, 100% used [0x000000076cb00000,0x000000079d100000,0x000000079d100000)
  from space 293888K, 31% used [0x00000007ae100000,0x00000007b3b80000,0x00000007c0000000)
  to   space 278528K, 0% used [0x000000079d100000,0x000000079d100000,0x00000007ae100000)
 ParOldGen       total 2731008K, used 1193208K [0x00000006c6000000, 0x000000076cb00000, 0x000000076cb00000)
  object space 2731008K, 43% used [0x00000006c6000000,0x000000070ed3e0a8,0x000000076cb00000)
 Metaspace       used 167901K, capacity 189513K, committed 189696K, reserved 1214464K
  class space    used 23272K, capacity 24453K, committed 24576K, reserved 1048576K
Event: 192.254 GC heap after
Heap after GC invocations=25 (full 0):
 PSYoungGen      total 1071104K, used 102304K [0x000000076cb00000, 0x00000007c0000000, 0x00000007c0000000)
  eden space 792576K, 0% used [0x000000076cb00000,0x000000076cb00000,0x000000079d100000)
  from space 278528K, 36% used [0x000000079d100000,0x00000007a34e8030,0x00000007ae100000)
  to   space 267776K, 0% used [0x00000007afa80000,0x00000007afa80000,0x00000007c0000000)
 ParOldGen       total 2731008K, used 1285960K [0x00000006c6000000, 0x000000076cb00000, 0x000000076cb00000)
  object space 2731008K, 47% used [0x00000006c6000000,0x00000007147d20a8,0x000000076cb00000)
 Metaspace       used 167901K, capacity 189513K, committed 189696K, reserved 1214464K
  class space    used 23272K, capacity 24453K, committed 24576K, reserved 1048576K
}
Event: 206.246 GC heap before
{Heap before GC invocations=26 (full 0):
 PSYoungGen      total 1071104K, used 894880K [0x000000076cb00000, 0x00000007c0000000, 0x00000007c0000000)
  eden space 792576K, 100% used [0x000000076cb00000,0x000000079d100000,0x000000079d100000)
  from space 278528K, 36% used [0x000000079d100000,0x00000007a34e8030,0x00000007ae100000)
  to   space 267776K, 0% used [0x00000007afa80000,0x00000007afa80000,0x00000007c0000000)
 ParOldGen       total 2731008K, used 1285960K [0x00000006c6000000, 0x000000076cb00000, 0x000000076cb00000)
  object space 2731008K, 47% used [0x00000006c6000000,0x00000007147d20a8,0x000000076cb00000)
 Metaspace       used 168910K, capacity 190741K, committed 190848K, reserved 1216512K
  class space    used 23399K, capacity 24606K, committed 24704K, reserved 1048576K
Event: 206.912 GC heap after
Heap after GC invocations=26 (full 0):
 PSYoungGen      total 1110016K, used 45088K [0x000000076cb00000, 0x00000007c0000000, 0x00000007c0000000)
  eden space 842240K, 0% used [0x000000076cb00000,0x000000076cb00000,0x00000007a0180000)
  from space 267776K, 16% used [0x00000007afa80000,0x00000007b2688000,0x00000007c0000000)
  to   space 254976K, 0% used [0x00000007a0180000,0x00000007a0180000,0x00000007afa80000)
 ParOldGen       total 2731008K, used 1387080K [0x00000006c6000000, 0x000000076cb00000, 0x000000076cb00000)
  object space 2731008K, 50% used [0x00000006c6000000,0x000000071aa920d8,0x000000076cb00000)
 Metaspace       used 168910K, capacity 190741K, committed 190848K, reserved 1216512K
  class space    used 23399K, capacity 24606K, committed 24704K, reserved 1048576K
}
Event: 221.205 GC heap before
{Heap before GC invocations=27 (full 0):
 PSYoungGen      total 1110016K, used 887328K [0x000000076cb00000, 0x00000007c0000000, 0x00000007c0000000)
  eden space 842240K, 100% used [0x000000076cb00000,0x00000007a0180000,0x00000007a0180000)
  from space 267776K, 16% used [0x00000007afa80000,0x00000007b2688000,0x00000007c0000000)
  to   space 254976K, 0% used [0x00000007a0180000,0x00000007a0180000,0x00000007afa80000)
 ParOldGen       total 2731008K, used 1387080K [0x00000006c6000000, 0x000000076cb00000, 0x000000076cb00000)
  object space 2731008K, 50% used [0x00000006c6000000,0x000000071aa920d8,0x000000076cb00000)
 Metaspace       used 169483K, capacity 191379K, committed 191616K, reserved 1216512K
  class space    used 23445K, capacity 24641K, committed 24704K, reserved 1048576K
Event: 221.392 GC heap after
Heap after GC invocations=27 (full 0):
 PSYoungGen      total 1097216K, used 78918K [0x000000076cb00000, 0x00000007c0000000, 0x00000007c0000000)
  eden space 842240K, 0% used [0x000000076cb00000,0x000000076cb00000,0x00000007a0180000)
  from space 254976K, 30% used [0x00000007a0180000,0x00000007a4e91af8,0x00000007afa80000)
  to   space 238080K, 0% used [0x00000007b1780000,0x00000007b1780000,0x00000007c0000000)
 ParOldGen       total 2731008K, used 1425572K [0x00000006c6000000, 0x000000076cb00000, 0x000000076cb00000)
  object space 2731008K, 52% used [0x00000006c6000000,0x000000071d029118,0x000000076cb00000)
 Metaspace       used 169483K, capacity 191379K, committed 191616K, reserved 1216512K
  class space    used 23445K, capacity 24641K, committed 24704K, reserved 1048576K
}

